/пехота
/кельт
/шпионы
/еда
/вепрь
/пикт
/железо
/убийцы
/вернитетигру
/кыскыстигра
/камень
/гвардеец
/старыйосадки
/вепрь
/шаманкатапульты
/шпионы
/кофепринеси
/водкиналей
/гасконец
/шпионы
/кони
/луки
/лучники
/шамануубийцы
/шаманубийцы
/сиськи
/сиськи
/писька
/письки
/железо/
/железо
/осада
/требушет
/шпионы
/убийцы
/осадные войска
/вепрь
/людоед
/т5
/катапульты
/убийцы
/stop
/newbot
/кони
/гасконец
/захваты
/le[b
/духи
/гриф
/дух
/духи
/лордодинок
/дерево
/лордодинок
/лордодинок
/дерево
/стопфлуд
/шпионы
/шпики
/шпики
/шпионы
/мсгерои
/обучение
/мсгерой
/мсгерой
/мсгерой
/мсгерой
/еда
/монокамень
/сеткамень
/стандартубийцы
/стандартпехота
/серебро
/моносеребро
/монодерево
/монреале
/моноеда
/шутиеще
/=
/обучение
/acы
/мсгерой
/асы
/лорд
/захваты
/гвардеец
//стройка
//help
/стройка
/строика
/сука ты
/знание
/cnhjbrf
/пехота
/стандартпехота
/асы
/сиськи
/новыйкони
/кони
/шпики
/шпионы
/знание
/спецзнание
/сетзнание
/спецзнание
/сетстроительство
/строика
/знания
/новыйзнания
/знанияновый
/знания
/знание
/сетсеребро
/захваты
/духи
/асы
/сталь
/аварин
/захваты
/уберов
/уберы
/вся
/асы
/асы
/+ сиськигермионы
/вепрь
/?
/=
/+
/уберы
/кыскыстигра
/help all
/all
/all
/all
/all
/асытаблица
/каблукиники
/кавалерия
/асы
/грудиилоны
/закат
/закат
/+ закат
/грудиилоны
